<?xml version="1.0" encoding="UTF-8"?>
<testsuite xmlns:xsi="http://www.w3.org/2001/XMLSchema-instance" xsi:noNamespaceSchemaLocation="https://maven.apache.org/surefire/maven-surefire-plugin/xsd/surefire-test-report-3.0.xsd" version="3.0" name="com.mycompany.empresadetransportehirata.Logica.ValidadorDatosTest" time="0.0" tests="4" errors="0" skipped="0" failures="0">
  <properties>
[...]
</properties>
  <testcase name="validacionesDeCostoEstadoLicenciaYKm_funcionanSegunReglas" classname="com.mycompany.empresadetransportehirata.Logica.ValidadorDatosTest" time="0.0"/>
  <testcase name="esPositivoYEsEnRango_respetanLimitesEsperados" classname="com.mycompany.empresadetransportehirata.Logica.ValidadorDatosTest" time="0.0"/>
  <testcase name="esFechaRealista_rechazaNullFuturasYAnioMenorAlMinimo" classname="com.mycompany.empresadetransportehirata.Logica.ValidadorDatosTest" time="0.0"/>
  <testcase name="esValido_validaNullVacioYTextoConContenido" classname="com.mycompany.empresadetransportehirata.Logica.ValidadorDatosTest" time="0.0"/>
</testsuite>