<?xml version="1.0" encoding="UTF-8"?>
<testsuite xmlns:xsi="http://www.w3.org/2001/XMLSchema-instance" xsi:noNamespaceSchemaLocation="https://maven.apache.org/surefire/maven-surefire-plugin/xsd/surefire-test-report-3.0.xsd" version="3.0" name="com.mycompany.empresadetransportehirata.Logica.ValidarRutTest" time="0.045" tests="4" errors="0" skipped="0" failures="0">
  <properties>
[...]
</properties>
  <testcase name="validar_retornaTrueParaRutsValidos" classname="com.mycompany.empresadetransportehirata.Logica.ValidarRutTest" time="0.004"/>
  <testcase name="validar_retornaFalseParaFormatoInvalido" classname="com.mycompany.empresadetransportehirata.Logica.ValidarRutTest" time="0.0"/>
  <testcase name="validar_retornaFalseParaRutsNulosOVacios" classname="com.mycompany.empresadetransportehirata.Logica.ValidarRutTest" time="0.0"/>
  <testcase name="validar_retornaFalseParaDigitoVerificadorIncorrecto" classname="com.mycompany.empresadetransportehirata.Logica.ValidarRutTest" time="0.0"/>
</testsuite>